0: process 2 (pid  9591, parent  9589) has STARTED with balance $20
0: process 1 (pid  9590, parent  9589) has STARTED with balance $10
0: process 5 (pid  9594, parent  9589) has STARTED with balance $90
0: process 4 (pid  9593, parent  9589) has STARTED with balance $40
0: process 3 (pid  9592, parent  9589) has STARTED with balance $30
5: process 1 received all STARTED messages
5: process 2 received all STARTED messages
9: process 1 transferred $ 1 to process 2
5: process 4 received all STARTED messages
5: process 5 received all STARTED messages
11: process 2 received $ 1 from process 1
5: process 3 received all STARTED messages
15: process 2 transferred $ 2 to process 3
17: process 3 received $ 2 from process 2
21: process 3 transferred $ 3 to process 4
23: process 4 received $ 3 from process 3
27: process 4 transferred $ 4 to process 5
29: process 5 received $ 4 from process 4
33: process 5 transferred $ 1 to process 1
35: process 1 received $ 1 from process 5
38: process 3 has DONE with balance $ 0
38: process 4 has DONE with balance $ 0
38: process 2 has DONE with balance $ 0
50: process 3 received all DONE messages
38: process 5 has DONE with balance $ 0
50: process 2 received all DONE messages
50: process 4 received all DONE messages
42: process 1 has DONE with balance $ 0
50: process 5 received all DONE messages
48: process 1 received all DONE messages
